#separator \x09
#set_separator	,
#empty_field	(empty)
#unset_field	-
#path	pe
#open	2025-11-23-10-29-51
#fields	ts	id	machine	compile_ts	os	subsystem	is_exe	is_64bit	uses_aslr	uses_dep	uses_code_integrity	uses_seh	has_import_table	has_export_table	has_cert_table	has_debug_data	section_names
#types	time	string	string	time	string	string	bool	bool	bool	bool	bool	bool	bool	bool	bool	bool	vector[string]
1541117384.535647	F0uZxM2HNjLKsBNiU5	I386	1541056860.000000	Windows 95 or NT 4.0	WINDOWS_GUI	T	F	F	F	F	T	T	F	F	F	.text,.data,.rdata,.eh_fram,.bss,.idata,.CRT,.tls,.rsrc
1541117721.138490	FXnejM3Ky3rJkCDW78	I386	1541073727.000000	Windows 95 or NT 4.0	WINDOWS_GUI	T	F	F	F	F	T	T	F	F	F	.text,.data,.rdata,.eh_fram,.bss,.idata,.CRT,.tls,.rsrc
1541117752.979290	Fiyoqj3a6h1QmLWxGa	I386	1541073576.000000	Windows 95 or NT 4.0	WINDOWS_GUI	T	F	F	F	F	T	T	F	F	F	.text,.data,.rdata,.eh_fram,.bss,.idata,.CRT,.tls,.rsrc
1541117772.964956	FLZtlk4eDGsCD8AiM	I386	1541073676.000000	Windows 95 or NT 4.0	WINDOWS_GUI	T	F	F	F	F	T	T	F	F	F	.text,.data,.rdata,.eh_fram,.bss,.idata,.CRT,.tls,.rsrc
1541117789.906776	FTszQU14huRLoEqst3	I386	1541073676.000000	Windows 95 or NT 4.0	WINDOWS_GUI	T	F	F	F	F	T	T	F	F	F	.text,.data,.rdata,.eh_fram,.bss,.idata,.CRT,.tls,.rsrc
1541117789.975281	FEiJnm3GWLfeuwpj8e	I386	1518864709.000000	Windows Vista or Server 2008	WINDOWS_CUI	T	F	T	T	F	T	T	F	F	T	.text,.rdata,.data,.gfids,.rsrc,.reloc
1541117794.025979	FCeuD53spRh1T2vvwd	I386	1541073727.000000	Windows 95 or NT 4.0	WINDOWS_GUI	T	F	F	F	F	T	T	F	F	F	.text,.data,.rdata,.eh_fram,.bss,.idata,.CRT,.tls,.rsrc
1541118071.295417	FiC9uM2b78Z42Cx06c	I386	1541073727.000000	Windows 95 or NT 4.0	WINDOWS_GUI	T	F	F	F	F	T	T	F	F	F	.text,.data,.rdata,.eh_fram,.bss,.idata,.CRT,.tls,.rsrc
1541118103.390869	Ffslr2HWcSjS9alF9	I386	1541073576.000000	Windows 95 or NT 4.0	WINDOWS_GUI	T	F	F	F	F	T	T	F	F	F	.text,.data,.rdata,.eh_fram,.bss,.idata,.CRT,.tls,.rsrc
1541118124.402850	FplOD53MnBmeAL5sek	I386	1541073676.000000	Windows 95 or NT 4.0	WINDOWS_GUI	T	F	F	F	F	T	T	F	F	F	.text,.data,.rdata,.eh_fram,.bss,.idata,.CRT,.tls,.rsrc
1541118132.569579	FstDOuJMikrmQZOY2	I386	1541073727.000000	Windows 95 or NT 4.0	WINDOWS_GUI	T	F	F	F	F	T	T	F	F	F	.text,.data,.rdata,.eh_fram,.bss,.idata,.CRT,.tls,.rsrc
1541169003.187690	F0nIs41dslgCNLFxcf	I386	1541154245.000000	Windows 95 or NT 4.0	WINDOWS_GUI	T	F	F	F	F	T	T	F	F	F	.text,.data,.rsrc
1541170484.608226	FidS9YCJzeqRoh4Tj	I386	1541141702.000000	Windows 95 or NT 4.0	WINDOWS_GUI	T	F	F	F	F	T	T	F	F	F	.text,.data,.rsrc
1541172975.367649	F0Sd1A4W37oMhsMvb5	I386	1541154245.000000	Windows 95 or NT 4.0	WINDOWS_GUI	T	F	F	F	F	T	T	F	F	F	.text,.data,.rsrc
1541437058.806954	FKwbZ34p3PH9SlYoF	I386	1541339460.000000	Windows 95 or NT 4.0	WINDOWS_GUI	T	F	F	F	F	T	T	F	F	F	.text,.data,.rsrc
1541438251.103071	FSFPSj1qbAmUB9YVye	I386	1541339460.000000	Windows 95 or NT 4.0	WINDOWS_GUI	T	F	F	F	F	T	T	F	F	F	.text,.data,.rsrc
1541438268.597408	FjE2NhfEaFDFyQQTc	I386	1541339460.000000	Windows 95 or NT 4.0	WINDOWS_GUI	T	F	F	F	F	T	T	F	F	F	.text,.data,.rsrc
1541533178.205130	FPLDndqLnTMZpDb2g	I386	1541497638.000000	Windows 95 or NT 4.0	WINDOWS_GUI	T	F	F	F	F	T	T	F	F	F	.text,.data,.rsrc
1541533183.174750	Fz5faEiVdLFd2nZJi	I386	1541497638.000000	Windows 95 or NT 4.0	WINDOWS_GUI	T	F	F	F	F	T	T	F	F	F	.text,.data,.rsrc
1541603915.465713	FdU0BR33YYlmHDIBQl	I386	1541598993.000000	Windows 95 or NT 4.0	WINDOWS_GUI	T	F	F	F	F	T	T	F	F	F	.text,.data,.rdata,.eh_fram,.bss,.idata,.CRT,.tls,.rsrc
1541605133.761798	FH4OQy3KcvvaWXm1R9	I386	1541583134.000000	Windows 95 or NT 4.0	WINDOWS_GUI	T	F	F	F	F	T	T	F	F	F	.text,.data,.rsrc
1541605141.341057	FEO3QY2gFAi0a60rN9	I386	1541583134.000000	Windows 95 or NT 4.0	WINDOWS_GUI	T	F	F	F	F	T	T	F	F	F	.text,.data,.rsrc
#close	2025-11-23-10-29-58
